{"C:\\Users\\user\\Desktop\\Ejercicios FrontEnd\\node-rest-api\\src\\Infrastructure\\StoreSecretMessage.ts": {"path":"C:\\Users\\user\\Desktop\\Ejercicios FrontEnd\\node-rest-api\\src\\Infrastructure\\StoreSecretMessage.ts","statementMap":{"0":{"start":{"line":3,"column":0},"end":{"line":3,"column":33}},"1":{"start":{"line":4,"column":0},"end":{"line":4,"column":42}},"2":{"start":{"line":5,"column":53},"end":{"line":5,"column":62}},"3":{"start":{"line":10,"column":8},"end":{"line":10,"column":67}},"4":{"start":{"line":14,"column":26},"end":{"line":14,"column":59}},"5":{"start":{"line":15,"column":8},"end":{"line":15,"column":62}},"6":{"start":{"line":16,"column":8},"end":{"line":16,"column":25}},"7":{"start":{"line":20,"column":27},"end":{"line":20,"column":42}},"8":{"start":{"line":21,"column":8},"end":{"line":21,"column":42}},"9":{"start":{"line":21,"column":25},"end":{"line":21,"column":42}},"10":{"start":{"line":22,"column":8},"end":{"line":22,"column":60}},"11":{"start":{"line":27,"column":0},"end":{"line":27,"column":34}}},"fnMap":{"0":{"name":"(anonymous_13)","decl":{"start":{"line":9,"column":10},"end":{"line":9,"column":30}},"loc":{"start":{"line":9,"column":30},"end":{"line":11,"column":null}}},"1":{"name":"(anonymous_15)","decl":{"start":{"line":13,"column":10},"end":{"line":13,"column":20}},"loc":{"start":{"line":13,"column":54},"end":{"line":17,"column":null}}},"2":{"name":"(anonymous_17)","decl":{"start":{"line":19,"column":10},"end":{"line":19,"column":22}},"loc":{"start":{"line":19,"column":34},"end":{"line":23,"column":null}}}},"branchMap":{"0":{"loc":{"start":{"line":21,"column":8},"end":{"line":21,"column":42}},"type":"if","locations":[{"start":{"line":21,"column":8},"end":{"line":21,"column":42}}]}},"s":{"0":1,"1":1,"2":1,"3":0,"4":0,"5":0,"6":0,"7":1,"8":1,"9":1,"10":0,"11":1},"f":{"0":0,"1":0,"2":1},"b":{"0":[1]}}
}
