{"C:\\Users\\user\\Desktop\\Ejercicios FrontEnd\\node-rest-api\\src\\Infrastructure\\StoreSecretMessage.ts": {"path":"C:\\Users\\user\\Desktop\\Ejercicios FrontEnd\\node-rest-api\\src\\Infrastructure\\StoreSecretMessage.ts","statementMap":{"0":{"start":{"line":3,"column":0},"end":{"line":3,"column":33}},"1":{"start":{"line":4,"column":0},"end":{"line":4,"column":42}},"2":{"start":{"line":5,"column":53},"end":{"line":5,"column":62}},"3":{"start":{"line":10,"column":8},"end":{"line":10,"column":67}},"4":{"start":{"line":14,"column":26},"end":{"line":14,"column":59}},"5":{"start":{"line":15,"column":8},"end":{"line":15,"column":62}},"6":{"start":{"line":16,"column":8},"end":{"line":16,"column":25}},"7":{"start":{"line":20,"column":27},"end":{"line":20,"column":42}},"8":{"start":{"line":21,"column":8},"end":{"line":21,"column":42}},"9":{"start":{"line":21,"column":25},"end":{"line":21,"column":42}},"10":{"start":{"line":22,"column":8},"end":{"line":22,"column":60}},"11":{"start":{"line":27,"column":0},"end":{"line":27,"column":34}}},"fnMap":{"0":{"name":"(anonymous_13)","decl":{"start":{"line":9,"column":10},"end":{"line":9,"column":30}},"loc":{"start":{"line":9,"column":30},"end":{"line":11,"column":null}}},"1":{"name":"(anonymous_15)","decl":{"start":{"line":13,"column":10},"end":{"line":13,"column":20}},"loc":{"start":{"line":13,"column":54},"end":{"line":17,"column":null}}},"2":{"name":"(anonymous_17)","decl":{"start":{"line":19,"column":10},"end":{"line":19,"column":22}},"loc":{"start":{"line":19,"column":34},"end":{"line":23,"column":null}}}},"branchMap":{"0":{"loc":{"start":{"line":21,"column":8},"end":{"line":21,"column":42}},"type":"if","locations":[{"start":{"line":21,"column":8},"end":{"line":21,"column":42}}]}},"s":{"0":3,"1":3,"2":3,"3":1,"4":1,"5":1,"6":1,"7":2,"8":2,"9":2,"10":0,"11":3},"f":{"0":1,"1":1,"2":2},"b":{"0":[2]}}
,"C:\\Users\\user\\Desktop\\Ejercicios FrontEnd\\node-rest-api\\src\\application\\SecretMessageUseCases.ts": {"path":"C:\\Users\\user\\Desktop\\Ejercicios FrontEnd\\node-rest-api\\src\\application\\SecretMessageUseCases.ts","statementMap":{"0":{"start":{"line":1,"column":0},"end":{"line":1,"column":68}},"1":{"start":{"line":6,"column":25},"end":{"line":6,"column":73}},"2":{"start":{"line":11,"column":30},"end":{"line":11,"column":61}},"3":{"start":{"line":12,"column":25},"end":{"line":12,"column":85}},"4":{"start":{"line":13,"column":8},"end":{"line":13,"column":24}},"5":{"start":{"line":17,"column":23},"end":{"line":17,"column":80}},"6":{"start":{"line":18,"column":8},"end":{"line":18,"column":22}},"7":{"start":{"line":23,"column":0},"end":{"line":23,"column":37}}},"fnMap":{"0":{"name":"(anonymous_8)","decl":{"start":{"line":6,"column":4},"end":{"line":6,"column":25}},"loc":{"start":{"line":6,"column":73},"end":{"line":8,"column":5}}},"1":{"name":"(anonymous_9)","decl":{"start":{"line":10,"column":10},"end":{"line":10,"column":29}},"loc":{"start":{"line":10,"column":45},"end":{"line":14,"column":null}}},"2":{"name":"(anonymous_11)","decl":{"start":{"line":16,"column":10},"end":{"line":16,"column":26}},"loc":{"start":{"line":16,"column":43},"end":{"line":19,"column":null}}}},"branchMap":{},"s":{"0":1,"1":1,"2":1,"3":1,"4":1,"5":1,"6":1,"7":1},"f":{"0":1,"1":1,"2":1},"b":{}}
,"C:\\Users\\user\\Desktop\\Ejercicios FrontEnd\\node-rest-api\\src\\domain\\model\\SecretMessageModel.ts": {"path":"C:\\Users\\user\\Desktop\\Ejercicios FrontEnd\\node-rest-api\\src\\domain\\model\\SecretMessageModel.ts","statementMap":{"0":{"start":{"line":2,"column":25},"end":{"line":2,"column":41}},"1":{"start":{"line":6,"column":0},"end":{"line":6,"column":34}}},"fnMap":{"0":{"name":"(anonymous_0)","decl":{"start":{"line":2,"column":4},"end":{"line":2,"column":25}},"loc":{"start":{"line":2,"column":41},"end":{"line":3,"column":5}}}},"branchMap":{},"s":{"0":1,"1":1},"f":{"0":1},"b":{}}
,"C:\\Users\\user\\Desktop\\Ejercicios FrontEnd\\node-rest-api\\src\\presentation\\MessageController.ts": {"path":"C:\\Users\\user\\Desktop\\Ejercicios FrontEnd\\node-rest-api\\src\\presentation\\MessageController.ts","statementMap":{"0":{"start":{"line":2,"column":0},"end":{"line":2,"column":73}},"1":{"start":{"line":3,"column":0},"end":{"line":3,"column":70}},"2":{"start":{"line":8,"column":17},"end":{"line":8,"column":64}},"3":{"start":{"line":12,"column":28},"end":{"line":12,"column":36}},"4":{"start":{"line":13,"column":8},"end":{"line":18,"column":9}},"5":{"start":{"line":14,"column":24},"end":{"line":14,"column":85}},"6":{"start":{"line":15,"column":12},"end":{"line":15,"column":53}},"7":{"start":{"line":17,"column":12},"end":{"line":17,"column":null}},"8":{"start":{"line":22,"column":30},"end":{"line":22,"column":40}},"9":{"start":{"line":23,"column":8},"end":{"line":29,"column":9}},"10":{"start":{"line":24,"column":27},"end":{"line":24,"column":87}},"11":{"start":{"line":25,"column":12},"end":{"line":25,"column":52}},"12":{"start":{"line":25,"column":25},"end":{"line":25,"column":52}},"13":{"start":{"line":26,"column":12},"end":{"line":26,"column":68}},"14":{"start":{"line":28,"column":12},"end":{"line":28,"column":51}},"15":{"start":{"line":33,"column":0},"end":{"line":33,"column":33}}},"fnMap":{"0":{"name":"(anonymous_8)","decl":{"start":{"line":7,"column":4},"end":{"line":7,"column":null}},"loc":{"start":{"line":8,"column":115},"end":{"line":9,"column":9}}},"1":{"name":"(anonymous_9)","decl":{"start":{"line":11,"column":10},"end":{"line":11,"column":29}},"loc":{"start":{"line":11,"column":73},"end":{"line":19,"column":null}}},"2":{"name":"(anonymous_11)","decl":{"start":{"line":21,"column":10},"end":{"line":21,"column":26}},"loc":{"start":{"line":21,"column":70},"end":{"line":30,"column":null}}}},"branchMap":{"0":{"loc":{"start":{"line":8,"column":17},"end":{"line":8,"column":115}},"type":"default-arg","locations":[{"start":{"line":8,"column":64},"end":{"line":8,"column":115}}]},"1":{"loc":{"start":{"line":25,"column":12},"end":{"line":25,"column":52}},"type":"if","locations":[{"start":{"line":25,"column":12},"end":{"line":25,"column":52}}]}},"s":{"0":1,"1":1,"2":1,"3":1,"4":1,"5":1,"6":1,"7":0,"8":1,"9":1,"10":1,"11":1,"12":1,"13":0,"14":0,"15":1},"f":{"0":1,"1":1,"2":1},"b":{"0":[1],"1":[1]}}
,"C:\\Users\\user\\Desktop\\Ejercicios FrontEnd\\node-rest-api\\src\\presentation\\MessageRoute.ts": {"path":"C:\\Users\\user\\Desktop\\Ejercicios FrontEnd\\node-rest-api\\src\\presentation\\MessageRoute.ts","statementMap":{"0":{"start":{"line":1,"column":0},"end":{"line":1,"column":30}},"1":{"start":{"line":2,"column":0},"end":{"line":2,"column":52}},"2":{"start":{"line":3,"column":12},"end":{"line":3,"column":21}},"3":{"start":{"line":5,"column":0},"end":{"line":5,"column":24}},"4":{"start":{"line":7,"column":26},"end":{"line":7,"column":49}},"5":{"start":{"line":9,"column":0},"end":{"line":9,"column":88}},"6":{"start":{"line":11,"column":0},"end":{"line":11,"column":94}},"7":{"start":{"line":13,"column":0},"end":{"line":13,"column":19}}},"fnMap":{},"branchMap":{},"s":{"0":1,"1":1,"2":1,"3":1,"4":1,"5":1,"6":1,"7":1},"f":{},"b":{}}
}
